[     130ms] [LOG] [Fast Refresh] rebuilding @ http://localhost:3000/_next/static/chunks/node_modules_%40sentry_core_build_esm_042slge._.js:10848
[     757ms] [LOG] [Fast Refresh] done in 729ms @ http://localhost:3000/_next/static/chunks/node_modules_%40sentry_core_build_esm_042slge._.js:10848
[    1163ms] [LOG] [Client Instrumentation Hook] Slow execution detected: 93ms (Note: Code download overhead is not included in this measurement) @ http://localhost:3000/_next/static/chunks/node_modules_%40sentry_core_build_esm_042slge._.js:10848
[    1168ms] [INFO] %cDownload the React DevTools for a better development experience: https://react.dev/link/react-devtools font-weight:bold @ http://localhost:3000/_next/static/chunks/node_modules_%40sentry_core_build_esm_042slge._.js:10848
[    1277ms] [LOG] [HMR] connected @ http://localhost:3000/_next/static/chunks/node_modules_%40sentry_core_build_esm_042slge._.js:10848
[  436311ms] [LOG] [Fast Refresh] rebuilding @ http://localhost:3000/_next/static/chunks/node_modules_%40sentry_core_build_esm_042slge._.js:10848
[  436471ms] [LOG] [Fast Refresh] done in 112ms @ http://localhost:3000/_next/static/chunks/node_modules_%40sentry_core_build_esm_042slge._.js:10848
[  438100ms] [LOG] [Fast Refresh] rebuilding @ http://localhost:3000/_next/static/chunks/node_modules_%40sentry_core_build_esm_042slge._.js:10848
[  438531ms] [LOG] [Fast Refresh] done in 536ms @ http://localhost:3000/_next/static/chunks/node_modules_%40sentry_core_build_esm_042slge._.js:10848
[  439549ms] [ERROR] Failed to load resource: the server responded with a status of 400 (Bad Request) @ http://localhost:3000/_next/image?url=%2Fcasestudy%2Fpierwszetrzezwepokolenie.jpg&w=750&q=75:0
[  460773ms] [LOG] [Fast Refresh] rebuilding @ http://localhost:3000/_next/static/chunks/node_modules_%40sentry_core_build_esm_042slge._.js:10848
[  460774ms] [LOG] [Fast Refresh] done in 103ms @ http://localhost:3000/_next/static/chunks/node_modules_%40sentry_core_build_esm_042slge._.js:10848
[  896250ms] [LOG] [Fast Refresh] rebuilding @ http://localhost:3000/_next/static/chunks/node_modules_%40sentry_core_build_esm_042slge._.js:10848
[  896420ms] [LOG] [Fast Refresh] done in 249ms @ http://localhost:3000/_next/static/chunks/node_modules_%40sentry_core_build_esm_042slge._.js:10848
[  896527ms] [LOG] [Fast Refresh] rebuilding @ http://localhost:3000/_next/static/chunks/node_modules_%40sentry_core_build_esm_042slge._.js:10848
[  896718ms] [LOG] [Fast Refresh] done in 296ms @ http://localhost:3000/_next/static/chunks/node_modules_%40sentry_core_build_esm_042slge._.js:10848
[ 1040177ms] [LOG] [Fast Refresh] rebuilding @ http://localhost:3000/_next/static/chunks/node_modules_%40sentry_core_build_esm_042slge._.js:10848
[ 1040455ms] [LOG] [Fast Refresh] done in 349ms @ http://localhost:3000/_next/static/chunks/node_modules_%40sentry_core_build_esm_042slge._.js:10848
[ 1040563ms] [LOG] [Fast Refresh] rebuilding @ http://localhost:3000/_next/static/chunks/node_modules_%40sentry_core_build_esm_042slge._.js:10848
[ 1040713ms] [LOG] [Fast Refresh] done in 253ms @ http://localhost:3000/_next/static/chunks/node_modules_%40sentry_core_build_esm_042slge._.js:10848
[ 1048543ms] [LOG] [Fast Refresh] rebuilding @ http://localhost:3000/_next/static/chunks/node_modules_%40sentry_core_build_esm_042slge._.js:10848
[ 1049823ms] [LOG] [Fast Refresh] done in 1360ms @ http://localhost:3000/_next/static/chunks/node_modules_%40sentry_core_build_esm_042slge._.js:10848
[ 1150884ms] [LOG] [Fast Refresh] rebuilding @ http://localhost:3000/_next/static/chunks/node_modules_%40sentry_core_build_esm_042slge._.js:10848
[ 1151822ms] [LOG] [Fast Refresh] done in 1047ms @ http://localhost:3000/_next/static/chunks/node_modules_%40sentry_core_build_esm_042slge._.js:10848
[ 1203121ms] [LOG] [Fast Refresh] rebuilding @ http://localhost:3000/_next/static/chunks/node_modules_%40sentry_core_build_esm_042slge._.js:10848
[ 1204035ms] [LOG] [Fast Refresh] done in 1009ms @ http://localhost:3000/_next/static/chunks/node_modules_%40sentry_core_build_esm_042slge._.js:10848
[ 1406416ms] [LOG] [Fast Refresh] rebuilding @ http://localhost:3000/_next/static/chunks/node_modules_%40sentry_core_build_esm_042slge._.js:10848
[ 1406419ms] [LOG] [Fast Refresh] done in 112ms @ http://localhost:3000/_next/static/chunks/node_modules_%40sentry_core_build_esm_042slge._.js:10848
[ 1449020ms] [LOG] [Fast Refresh] rebuilding @ http://localhost:3000/_next/static/chunks/node_modules_%40sentry_core_build_esm_042slge._.js:10848
[ 1449147ms] [LOG] [Fast Refresh] done in 164ms @ http://localhost:3000/_next/static/chunks/node_modules_%40sentry_core_build_esm_042slge._.js:10848
[ 1449255ms] [LOG] [Fast Refresh] rebuilding @ http://localhost:3000/_next/static/chunks/node_modules_%40sentry_core_build_esm_042slge._.js:10848
[ 1449332ms] [LOG] [Fast Refresh] done in 177ms @ http://localhost:3000/_next/static/chunks/node_modules_%40sentry_core_build_esm_042slge._.js:10848
[ 1456677ms] [LOG] [Fast Refresh] rebuilding @ http://localhost:3000/_next/static/chunks/node_modules_%40sentry_core_build_esm_042slge._.js:10848
[ 1460154ms] [LOG] [Fast Refresh] done in 3581ms @ http://localhost:3000/_next/static/chunks/node_modules_%40sentry_core_build_esm_042slge._.js:10848
[ 1465032ms] [LOG] [Fast Refresh] rebuilding @ http://localhost:3000/_next/static/chunks/node_modules_%40sentry_core_build_esm_042slge._.js:10848
[ 1465123ms] [LOG] [Fast Refresh] done in 88ms @ http://localhost:3000/_next/static/chunks/node_modules_%40sentry_core_build_esm_042slge._.js:10848
[ 1469772ms] [LOG] [Fast Refresh] rebuilding @ http://localhost:3000/_next/static/chunks/node_modules_%40sentry_core_build_esm_042slge._.js:10848
[ 1469880ms] [LOG] [Fast Refresh] done in 92ms @ http://localhost:3000/_next/static/chunks/node_modules_%40sentry_core_build_esm_042slge._.js:10848
[ 1470002ms] [LOG] [Fast Refresh] rebuilding @ http://localhost:3000/_next/static/chunks/node_modules_%40sentry_core_build_esm_042slge._.js:10848
[ 1470009ms] [LOG] [Fast Refresh] done in 119ms @ http://localhost:3000/_next/static/chunks/node_modules_%40sentry_core_build_esm_042slge._.js:10848
[ 1483400ms] [LOG] [Fast Refresh] rebuilding @ http://localhost:3000/_next/static/chunks/node_modules_%40sentry_core_build_esm_042slge._.js:10848
[ 1483409ms] [LOG] [Fast Refresh] done in 2ms @ http://localhost:3000/_next/static/chunks/node_modules_%40sentry_core_build_esm_042slge._.js:10848
[ 1496693ms] [LOG] [Fast Refresh] rebuilding @ http://localhost:3000/_next/static/chunks/node_modules_%40sentry_core_build_esm_042slge._.js:10848
[ 1496851ms] [LOG] [Fast Refresh] done in 56ms @ http://localhost:3000/_next/static/chunks/node_modules_%40sentry_core_build_esm_042slge._.js:10848
[ 1519130ms] [LOG] [Fast Refresh] rebuilding @ http://localhost:3000/_next/static/chunks/node_modules_%40sentry_core_build_esm_042slge._.js:10848
[ 1519403ms] [LOG] [Fast Refresh] done in 104ms @ http://localhost:3000/_next/static/chunks/node_modules_%40sentry_core_build_esm_042slge._.js:10848
[ 1524878ms] [LOG] [Fast Refresh] rebuilding @ http://localhost:3000/_next/static/chunks/node_modules_%40sentry_core_build_esm_042slge._.js:10848
[ 1524888ms] [LOG] [Fast Refresh] done in 3ms @ http://localhost:3000/_next/static/chunks/node_modules_%40sentry_core_build_esm_042slge._.js:10848
[ 1547810ms] [LOG] [Fast Refresh] rebuilding @ http://localhost:3000/_next/static/chunks/node_modules_%40sentry_core_build_esm_042slge._.js:10848
[ 1547811ms] [LOG] [Fast Refresh] done in 104ms @ http://localhost:3000/_next/static/chunks/node_modules_%40sentry_core_build_esm_042slge._.js:10848
[ 1651331ms] [LOG] [Fast Refresh] rebuilding @ http://localhost:3000/_next/static/chunks/node_modules_%40sentry_core_build_esm_042slge._.js:10848
[ 1652930ms] [LOG] [Fast Refresh] done in 1701ms @ http://localhost:3000/_next/static/chunks/node_modules_%40sentry_core_build_esm_042slge._.js:10848
[ 1895769ms] [LOG] [Fast Refresh] rebuilding @ http://localhost:3000/_next/static/chunks/node_modules_%40sentry_core_build_esm_042slge._.js:10848
[ 1895813ms] [LOG] [Fast Refresh] done in 138ms @ http://localhost:3000/_next/static/chunks/node_modules_%40sentry_core_build_esm_042slge._.js:10848
[ 1895825ms] [LOG] [Fast Refresh] rebuilding @ http://localhost:3000/_next/static/chunks/node_modules_%40sentry_core_build_esm_042slge._.js:10848
[ 1896006ms] [LOG] [Fast Refresh] done in 68ms @ http://localhost:3000/_next/static/chunks/node_modules_%40sentry_core_build_esm_042slge._.js:10848
[ 1985731ms] [LOG] [Fast Refresh] rebuilding @ http://localhost:3000/_next/static/chunks/node_modules_%40sentry_core_build_esm_042slge._.js:10848
[ 1985961ms] [LOG] [Fast Refresh] done in 339ms @ http://localhost:3000/_next/static/chunks/node_modules_%40sentry_core_build_esm_042slge._.js:10848
[ 2133128ms] [LOG] [Fast Refresh] rebuilding @ http://localhost:3000/_next/static/chunks/node_modules_%40sentry_core_build_esm_042slge._.js:10848
[ 2135355ms] [LOG] [Fast Refresh] done in 2328ms @ http://localhost:3000/_next/static/chunks/node_modules_%40sentry_core_build_esm_042slge._.js:10848
[ 2136100ms] [LOG] [Fast Refresh] rebuilding @ http://localhost:3000/_next/static/chunks/node_modules_%40sentry_core_build_esm_042slge._.js:10848
[ 2136160ms] [LOG] [Fast Refresh] done in 172ms @ http://localhost:3000/_next/static/chunks/node_modules_%40sentry_core_build_esm_042slge._.js:10848
[ 2158461ms] [LOG] [Fast Refresh] rebuilding @ http://localhost:3000/_next/static/chunks/node_modules_%40sentry_core_build_esm_042slge._.js:10848
[ 2158912ms] [LOG] [Fast Refresh] done in 565ms @ http://localhost:3000/_next/static/chunks/node_modules_%40sentry_core_build_esm_042slge._.js:10848
[ 2160074ms] [LOG] [Fast Refresh] rebuilding @ http://localhost:3000/_next/static/chunks/node_modules_%40sentry_core_build_esm_042slge._.js:10848
[ 2160841ms] [LOG] [Fast Refresh] done in 875ms @ http://localhost:3000/_next/static/chunks/node_modules_%40sentry_core_build_esm_042slge._.js:10848
[ 2160958ms] [LOG] [Fast Refresh] rebuilding @ http://localhost:3000/_next/static/chunks/node_modules_%40sentry_core_build_esm_042slge._.js:10848
[ 2161016ms] [LOG] [Fast Refresh] done in 164ms @ http://localhost:3000/_next/static/chunks/node_modules_%40sentry_core_build_esm_042slge._.js:10848
[ 2164885ms] [LOG] [Fast Refresh] rebuilding @ http://localhost:3000/_next/static/chunks/node_modules_%40sentry_core_build_esm_042slge._.js:10848
[ 2165901ms] [LOG] [Fast Refresh] done in 1127ms @ http://localhost:3000/_next/static/chunks/node_modules_%40sentry_core_build_esm_042slge._.js:10848
[ 2840279ms] [LOG] [Fast Refresh] rebuilding @ http://localhost:3000/_next/static/chunks/node_modules_%40sentry_core_build_esm_042slge._.js:10848
[ 2840543ms] [LOG] [Fast Refresh] done in 349ms @ http://localhost:3000/_next/static/chunks/node_modules_%40sentry_core_build_esm_042slge._.js:10848
[ 2840661ms] [LOG] [Fast Refresh] rebuilding @ http://localhost:3000/_next/static/chunks/node_modules_%40sentry_core_build_esm_042slge._.js:10848
[ 2840828ms] [LOG] [Fast Refresh] done in 268ms @ http://localhost:3000/_next/static/chunks/node_modules_%40sentry_core_build_esm_042slge._.js:10848
[ 2840947ms] [LOG] [Fast Refresh] rebuilding @ http://localhost:3000/_next/static/chunks/node_modules_%40sentry_core_build_esm_042slge._.js:10848
[ 2840970ms] [LOG] [Fast Refresh] done in 129ms @ http://localhost:3000/_next/static/chunks/node_modules_%40sentry_core_build_esm_042slge._.js:10848
[ 2841085ms] [LOG] [Fast Refresh] rebuilding @ http://localhost:3000/_next/static/chunks/node_modules_%40sentry_core_build_esm_042slge._.js:10848
[ 2841090ms] [LOG] [Fast Refresh] done in 114ms @ http://localhost:3000/_next/static/chunks/node_modules_%40sentry_core_build_esm_042slge._.js:10848
[ 3335267ms] [LOG] [Fast Refresh] rebuilding @ http://localhost:3000/_next/static/chunks/node_modules_%40sentry_core_build_esm_042slge._.js:10848
[ 3336428ms] [LOG] [Fast Refresh] done in 1262ms @ http://localhost:3000/_next/static/chunks/node_modules_%40sentry_core_build_esm_042slge._.js:10848
[ 3390509ms] [LOG] [Fast Refresh] rebuilding @ http://localhost:3000/_next/static/chunks/node_modules_%40sentry_core_build_esm_042slge._.js:10848
[ 3390636ms] [LOG] [Fast Refresh] done in 243ms @ http://localhost:3000/_next/static/chunks/node_modules_%40sentry_core_build_esm_042slge._.js:10848
